<?xml version="1.0" encoding="UTF-8"?>
<!-- Generated by org.testng.reporters.JUnitXMLReporter -->
<testsuite ignored="0" hostname="LAPTOP-9OJGKDBU" failures="0" tests="5" name="Surefire test" time="0.078" errors="0" timestamp="2023-11-03T21:09:02 IST">
  <testcase classname="csee.UserValidationTest" name="testCase1" time="0.019"/>
  <testcase classname="csee.UserValidationTest" name="testCase2" time="0.001"/>
  <testcase classname="csee.UserValidationTest" name="testCase3" time="0.001"/>
  <testcase classname="csee.UserValidationTest" name="testCase4" time="0.0"/>
  <testcase classname="csee.UserValidationTest" name="testCase5" time="0.001"/>
</testsuite> <!-- Surefire test -->
